time=2024-09-30T16:52:36.720-04:00 level=ERROR msg="Failed to load .env file"
time=2024-09-30T16:53:05.025-04:00 level=ERROR msg="Fail to load .env file"
time=2024-09-30T18:58:27.917-04:00 level=ERROR msg="Fail to load .env file"
time=2024-09-30T19:10:49.691-04:00 level=ERROR msg="Fail to load .env file"
time=2024-09-30T19:31:41.337-04:00 level=ERROR msg="Error in connecting database"
time=2024-10-02T13:56:27.905-04:00 level=ERROR msg="Fail to load .env file"
time=2024-10-02T14:08:59.376-04:00 level=ERROR msg="Error in connecting database"
time=2024-10-02T14:09:41.594-04:00 level=ERROR msg="Error in connecting database"
time=2024-10-02T14:10:47.778-04:00 level=ERROR msg="Error in connecting database"
time=2024-10-02T14:11:49.491-04:00 level=ERROR msg="Error in connecting database"
time=2024-10-02T14:20:29.789-04:00 level=ERROR msg="Error in connecting database"
time=2024-10-02T15:17:43.193-04:00 level=ERROR msg="Error in connecting database"
time=2024-10-02T15:52:42.391-04:00 level=ERROR msg="Error in connecting database"
time=2024-10-02T22:07:54.515-04:00 level=ERROR msg="error connecting database"
time=2024-10-02T22:49:57.928-04:00 level=ERROR msg="user not found"
time=2024-10-02T22:52:09.869-04:00 level=ERROR msg="user not found"
time=2024-10-03T22:34:40.203-04:00 level=ERROR msg="error in deleting user from database"
time=2024-10-03T22:35:26.276-04:00 level=ERROR msg="error in deleting user from database"
time=2024-10-03T22:36:05.590-04:00 level=ERROR msg="error in deleting user from database"
time=2024-10-03T22:36:55.157-04:00 level=ERROR msg="error in deleting user from database"
time=2024-10-03T22:39:04.879-04:00 level=ERROR msg="error in deleting user from database"
time=2024-10-03T22:39:26.080-04:00 level=ERROR msg="error in deleting user from database"
time=2024-10-03T22:39:41.927-04:00 level=ERROR msg="error in deleting user from database"
time=2024-10-03T22:40:36.977-04:00 level=ERROR msg="error in deleting user from database"
time=2024-10-03T22:41:46.259-04:00 level=ERROR msg="error in deleting user from database"
time=2024-10-03T22:43:28.129-04:00 level=ERROR msg="error in deleting user from database"
time=2024-10-03T22:45:32.134-04:00 level=ERROR msg="error in deleting user from database"
time=2024-10-03T22:48:57.352-04:00 level=ERROR msg="error in deleting user from database"
time=2024-10-03T22:52:53.235-04:00 level=ERROR msg="error in deleting user from database"
time=2024-10-03T22:54:45.651-04:00 level=ERROR msg="error in deleting user from database"
